<?xml version="1.0" encoding="UTF-8"?>
<!-- Generated by org.testng.reporters.JUnitReportReporter -->
<testsuite skipped="0" hostname="DESKTOP-I7JN1KJ" name="com.ibm.Assignment.Magento_Contact_Test" tests="1" failures="0" timestamp="2021-01-05T09:53:46 IST" time="71.894" errors="0">
  <testcase name="function" time="71.894" classname="com.ibm.Assignment.Magento_Contact_Test"/>
</testsuite> <!-- com.ibm.Assignment.Magento_Contact_Test -->
